<?xml version="1.0" encoding="UTF-8"?>
<!-- Generated by org.testng.reporters.JUnitReportReporter -->
<testsuite skipped="0" hostname="vijayp" name="HR.BankdetANDLeaveM" tests="3" failures="0" timestamp="20 Dec 2017 06:26:40 GMT" time="10.824" errors="0">
  <testcase name="tearDown" time="3.926" classname="HR.BankdetANDLeaveM"/>
  <testcase name="VerifyInvalidLogin" time="5.005" classname="HR.BankdetANDLeaveM"/>
  <testcase name="VerifyInvalidLogin" time="1.893" classname="HR.BankdetANDLeaveM"/>
</testsuite> <!-- HR.BankdetANDLeaveM -->
