<?xml version="1.0" encoding="UTF-8"?>
<!-- Generated by org.testng.reporters.JUnitReportReporter -->
<testsuite hostname="vijayp" name="Accounts.NewLedger" tests="5" failures="0" timestamp="8 Jan 2018 11:16:47 GMT" time="128.028" errors="0">
  <testcase name="newledgr" time="25.438" classname="Accounts.NewLedger"/>
  <testcase name="newledgr" time="24.680" classname="Accounts.NewLedger"/>
  <testcase name="newledgr" time="24.703" classname="Accounts.NewLedger"/>
  <testcase name="newledgr" time="25.324" classname="Accounts.NewLedger"/>
  <testcase name="newledgr" time="27.883" classname="Accounts.NewLedger"/>
</testsuite> <!-- Accounts.NewLedger -->
