<?xml version="1.0" encoding="UTF-8"?>
<!-- Generated by org.testng.reporters.JUnitReportReporter -->
<testsuite hostname="vijayp" name="HR.AddCEO" tests="1" failures="0" timestamp="8 Jan 2018 11:16:47 GMT" time="53.868" errors="0">
  <testcase name="addceo" time="53.868" classname="HR.AddCEO"/>
</testsuite> <!-- HR.AddCEO -->
