<?xml version="1.0" encoding="UTF-8"?>
<!-- Generated by org.testng.reporters.JUnitReportReporter -->
<testsuite hostname="vijayp" name="Purchase.Vendors" tests="4" failures="0" timestamp="8 Jan 2018 11:16:47 GMT" time="140.670" errors="0">
  <testcase name="NewVendor" time="34.560" classname="Purchase.Vendors"/>
  <testcase name="NewVendor" time="34.541" classname="Purchase.Vendors"/>
  <testcase name="NewVendor" time="36.726" classname="Purchase.Vendors"/>
  <testcase name="NewVendor" time="34.843" classname="Purchase.Vendors"/>
</testsuite> <!-- Purchase.Vendors -->
