<?xml version="1.0" encoding="UTF-8"?>
<!-- Generated by org.testng.reporters.JUnitReportReporter -->
<testsuite hostname="vijayp" name="HR.MultLogin" tests="12" failures="0" timestamp="8 Jan 2018 11:16:47 GMT" time="232.016" errors="0">
  <testcase name="doLoginTest" time="19.034" classname="HR.MultLogin"/>
  <testcase name="doLoginTest" time="19.285" classname="HR.MultLogin"/>
  <testcase name="doLoginTest" time="19.421" classname="HR.MultLogin"/>
  <testcase name="doLoginTest" time="19.183" classname="HR.MultLogin"/>
  <testcase name="doLoginTest" time="18.527" classname="HR.MultLogin"/>
  <testcase name="doLoginTest" time="19.612" classname="HR.MultLogin"/>
  <testcase name="doLoginTest" time="19.458" classname="HR.MultLogin"/>
  <testcase name="doLoginTest" time="19.348" classname="HR.MultLogin"/>
  <testcase name="doLoginTest" time="19.067" classname="HR.MultLogin"/>
  <testcase name="doLoginTest" time="19.445" classname="HR.MultLogin"/>
  <testcase name="doLoginTest" time="19.893" classname="HR.MultLogin"/>
  <testcase name="doLoginTest" time="19.743" classname="HR.MultLogin"/>
</testsuite> <!-- HR.MultLogin -->
