<?xml version="1.0" encoding="UTF-8"?>
<!-- Generated by org.testng.reporters.JUnitReportReporter -->
<testsuite hostname="vijayp" name="HR.AddEmp" tests="12" failures="0" timestamp="8 Jan 2018 11:16:47 GMT" time="592.153" errors="0">
  <testcase name="hres" time="49.109" classname="HR.AddEmp"/>
  <testcase name="hres" time="53.735" classname="HR.AddEmp"/>
  <testcase name="hres" time="48.040" classname="HR.AddEmp"/>
  <testcase name="hres" time="48.865" classname="HR.AddEmp"/>
  <testcase name="hres" time="48.576" classname="HR.AddEmp"/>
  <testcase name="hres" time="49.717" classname="HR.AddEmp"/>
  <testcase name="hres" time="50.056" classname="HR.AddEmp"/>
  <testcase name="hres" time="48.515" classname="HR.AddEmp"/>
  <testcase name="hres" time="49.080" classname="HR.AddEmp"/>
  <testcase name="hres" time="49.192" classname="HR.AddEmp"/>
  <testcase name="hres" time="48.500" classname="HR.AddEmp"/>
  <testcase name="hres" time="48.768" classname="HR.AddEmp"/>
</testsuite> <!-- HR.AddEmp -->
