<?xml version="1.0" encoding="UTF-8"?>
<!-- Generated by org.testng.reporters.JUnitReportReporter -->
<testsuite hostname="vijayp" name="Accounts.AccountEntry" tests="8" failures="0" timestamp="8 Jan 2018 11:16:47 GMT" time="203.990" errors="0">
  <testcase name="accEntry" time="25.303" classname="Accounts.AccountEntry"/>
  <testcase name="accEntry" time="26.178" classname="Accounts.AccountEntry"/>
  <testcase name="accEntry" time="25.481" classname="Accounts.AccountEntry"/>
  <testcase name="accEntry" time="25.533" classname="Accounts.AccountEntry"/>
  <testcase name="accEntry" time="24.907" classname="Accounts.AccountEntry"/>
  <testcase name="accEntry" time="25.072" classname="Accounts.AccountEntry"/>
  <testcase name="accEntry" time="26.022" classname="Accounts.AccountEntry"/>
  <testcase name="accEntry" time="25.494" classname="Accounts.AccountEntry"/>
</testsuite> <!-- Accounts.AccountEntry -->
