<?xml version="1.0" encoding="UTF-8"?>
<!-- Generated by org.testng.reporters.JUnitReportReporter -->
<testsuite hostname="vijayp" name="Accounts.MultAccEntry" tests="1" failures="0" timestamp="8 Jan 2018 11:16:47 GMT" time="44.902" errors="0">
  <testcase name="multaccentry1" time="44.902" classname="Accounts.MultAccEntry"/>
</testsuite> <!-- Accounts.MultAccEntry -->
