<?xml version="1.0" encoding="UTF-8"?>
<!-- Generated by org.testng.reporters.JUnitReportReporter -->
<testsuite hostname="vijayp" name="Frontdesk.couriers" tests="4" failures="0" timestamp="8 Jan 2018 11:16:47 GMT" time="136.810" errors="0">
  <testcase name="newcrrs" time="34.931" classname="Frontdesk.couriers"/>
  <testcase name="newcrrs" time="34.346" classname="Frontdesk.couriers"/>
  <testcase name="newcrrs" time="34.253" classname="Frontdesk.couriers"/>
  <testcase name="newcrrs" time="33.280" classname="Frontdesk.couriers"/>
</testsuite> <!-- Frontdesk.couriers -->
