<?xml version="1.0" encoding="UTF-8"?>
<!-- Generated by org.testng.reporters.JUnitReportReporter -->
<testsuite hostname="vijayp" name="HR.offerletter" tests="12" failures="0" timestamp="8 Jan 2018 11:16:47 GMT" time="369.065" errors="0">
  <testcase name="genoffltr" time="28.402" classname="HR.offerletter"/>
  <testcase name="genoffltr" time="27.738" classname="HR.offerletter"/>
  <testcase name="genoffltr" time="41.037" classname="HR.offerletter"/>
  <testcase name="genoffltr" time="27.551" classname="HR.offerletter"/>
  <testcase name="genoffltr" time="30.376" classname="HR.offerletter"/>
  <testcase name="genoffltr" time="27.307" classname="HR.offerletter"/>
  <testcase name="genoffltr" time="27.523" classname="HR.offerletter"/>
  <testcase name="genoffltr" time="27.585" classname="HR.offerletter"/>
  <testcase name="genoffltr" time="28.137" classname="HR.offerletter"/>
  <testcase name="genoffltr" time="27.636" classname="HR.offerletter"/>
  <testcase name="genoffltr" time="27.477" classname="HR.offerletter"/>
  <testcase name="genoffltr" time="48.296" classname="HR.offerletter"/>
</testsuite> <!-- HR.offerletter -->
