<?xml version="1.0" encoding="UTF-8"?>
<!-- Generated by org.testng.reporters.JUnitReportReporter -->
<testsuite hostname="vijayp" name="Purchase.PartEntry" tests="4" failures="0" timestamp="8 Jan 2018 11:16:47 GMT" time="117.986" errors="0">
  <testcase name="newpartentry" time="27.719" classname="Purchase.PartEntry"/>
  <testcase name="newpartentry" time="33.960" classname="Purchase.PartEntry"/>
  <testcase name="newpartentry" time="28.240" classname="Purchase.PartEntry"/>
  <testcase name="newpartentry" time="28.067" classname="Purchase.PartEntry"/>
</testsuite> <!-- Purchase.PartEntry -->
